<?xml version="1.0" encoding="UTF-8"?>
<testng-results skipped="0" failed="0" ignored="0" total="1" passed="1">
  <reporter-output>
  </reporter-output>
  <suite name="Default suite" duration-ms="4903" started-at="2017-02-21T10:42:23Z" finished-at="2017-02-21T10:42:28Z">
    <groups>
    </groups>
    <test name="Default test" duration-ms="4903" started-at="2017-02-21T10:42:23Z" finished-at="2017-02-21T10:42:28Z">
      <class name="ci.test.NewTest">
        <test-method status="PASS" signature="beforeMethod()[pri:0, instance:ci.test.NewTest@2b98378d]" name="beforeMethod" is-config="true" duration-ms="10" started-at="2017-02-21T14:42:23Z" finished-at="2017-02-21T14:42:23Z">
          <reporter-output>
          </reporter-output>
        </test-method> <!-- beforeMethod -->
        <test-method status="PASS" signature="f()[pri:0, instance:ci.test.NewTest@2b98378d]" name="f" duration-ms="4864" started-at="2017-02-21T14:42:23Z" finished-at="2017-02-21T14:42:28Z">
          <reporter-output>
          </reporter-output>
        </test-method> <!-- f -->
        <test-method status="PASS" signature="afterMethod()[pri:0, instance:ci.test.NewTest@2b98378d]" name="afterMethod" is-config="true" duration-ms="0" started-at="2017-02-21T14:42:28Z" finished-at="2017-02-21T14:42:28Z">
          <reporter-output>
          </reporter-output>
        </test-method> <!-- afterMethod -->
      </class> <!-- ci.test.NewTest -->
    </test> <!-- Default test -->
  </suite> <!-- Default suite -->
</testng-results>
